0 info it worked if it ends with ok
<<<<<<< HEAD
1 verbose cli [ '/usr/bin/nodejs', '/usr/bin/npm', 'start' ]
2 info using npm@3.5.2
3 info using node@v4.2.6
=======
1 verbose cli [ 'C:\\Program Files\\nodejs\\node.exe',
1 verbose cli   'C:\\Program Files\\nodejs\\node_modules\\npm\\bin\\npm-cli.js',
1 verbose cli   'start' ]
2 info using npm@3.10.10
3 info using node@v6.10.3
>>>>>>> 0871a72ce3898b1c45ab0b56023a13f488287701
4 verbose run-script [ 'prestart', 'start', 'poststart' ]
5 info lifecycle reto@0.0.0~prestart: reto@0.0.0
6 silly lifecycle reto@0.0.0~prestart: no script for prestart, continuing
7 info lifecycle reto@0.0.0~start: reto@0.0.0
8 verbose lifecycle reto@0.0.0~start: unsafe-perm in lifecycle true
<<<<<<< HEAD
9 verbose lifecycle reto@0.0.0~start: PATH: /usr/share/npm/bin/node-gyp-bin:/media/Datos/joseluis/Developments/reto/node_modules/.bin:/usr/local/openresty/bin:/usr/local/openresty/nginx/sbin:/home/joseluis/bin:/home/joseluis/.local/bin:/usr/local/sbin:/usr/local/bin:/usr/sbin:/usr/bin:/sbin:/bin:/usr/games:/usr/local/games
10 verbose lifecycle reto@0.0.0~start: CWD: /media/Datos/joseluis/Developments/reto
11 silly lifecycle reto@0.0.0~start: Args: [ '-c', 'node ./bin/www' ]
12 silly lifecycle reto@0.0.0~start: Returned: code: 1  signal: null
13 info lifecycle reto@0.0.0~start: Failed to exec start script
14 verbose stack Error: reto@0.0.0 start: `node ./bin/www`
14 verbose stack Exit status 1
14 verbose stack     at EventEmitter.<anonymous> (/usr/share/npm/lib/utils/lifecycle.js:232:16)
14 verbose stack     at emitTwo (events.js:87:13)
14 verbose stack     at EventEmitter.emit (events.js:172:7)
14 verbose stack     at ChildProcess.<anonymous> (/usr/share/npm/lib/utils/spawn.js:24:14)
14 verbose stack     at emitTwo (events.js:87:13)
14 verbose stack     at ChildProcess.emit (events.js:172:7)
14 verbose stack     at maybeClose (internal/child_process.js:821:16)
14 verbose stack     at Process.ChildProcess._handle.onexit (internal/child_process.js:211:5)
15 verbose pkgid reto@0.0.0
16 verbose cwd /media/Datos/joseluis/Developments/reto
17 error Linux 4.4.0-53-generic
18 error argv "/usr/bin/nodejs" "/usr/bin/npm" "start"
19 error node v4.2.6
20 error npm  v3.5.2
21 error code ELIFECYCLE
22 error reto@0.0.0 start: `node ./bin/www`
22 error Exit status 1
=======
9 verbose lifecycle reto@0.0.0~start: PATH: C:\Program Files\nodejs\node_modules\npm\bin\node-gyp-bin;C:\Users\DESARROLLADOR-09\Desktop\reto\node_modules\.bin;C:\Program Files (x86)\Intel\iCLS Client\;C:\Program Files\Intel\iCLS Client\;C:\Windows\system32;C:\Windows;C:\Windows\System32\Wbem;C:\Windows\System32\WindowsPowerShell\v1.0\;c:\Program Files (x86)\ATI Technologies\ATI.ACE\Core-Static;C:\Program Files (x86)\Intel\Intel(R) Management Engine Components\DAL;C:\Program Files\Intel\Intel(R) Management Engine Components\DAL;C:\Program Files (x86)\Intel\Intel(R) Management Engine Components\IPT;C:\Program Files\Intel\Intel(R) Management Engine Components\IPT;C:\Program Files\nodejs\;C:\Users\DESARROLLADOR-09\AppData\Local\Microsoft\WindowsApps;C:\Users\DESARROLLADOR-09\AppData\Local\atom\bin;C:\Users\DESARROLLADOR-09\AppData\Roaming\npm;C:\Users\DESARROLLADOR-09\AppData\Local\Programs\Git\cmd
10 verbose lifecycle reto@0.0.0~start: CWD: C:\Users\DESARROLLADOR-09\Desktop\reto
11 silly lifecycle reto@0.0.0~start: Args: [ '/d /s /c', 'node ./bin/www' ]
12 silly lifecycle reto@0.0.0~start: Returned: code: 3221225786  signal: null
13 info lifecycle reto@0.0.0~start: Failed to exec start script
14 verbose stack Error: reto@0.0.0 start: `node ./bin/www`
14 verbose stack Exit status 3221225786
14 verbose stack     at EventEmitter.<anonymous> (C:\Program Files\nodejs\node_modules\npm\lib\utils\lifecycle.js:255:16)
14 verbose stack     at emitTwo (events.js:106:13)
14 verbose stack     at EventEmitter.emit (events.js:191:7)
14 verbose stack     at ChildProcess.<anonymous> (C:\Program Files\nodejs\node_modules\npm\lib\utils\spawn.js:40:14)
14 verbose stack     at emitTwo (events.js:106:13)
14 verbose stack     at ChildProcess.emit (events.js:191:7)
14 verbose stack     at maybeClose (internal/child_process.js:886:16)
14 verbose stack     at Process.ChildProcess._handle.onexit (internal/child_process.js:226:5)
15 verbose pkgid reto@0.0.0
16 verbose cwd C:\Users\DESARROLLADOR-09\Desktop\reto
17 error Windows_NT 10.0.14393
18 error argv "C:\\Program Files\\nodejs\\node.exe" "C:\\Program Files\\nodejs\\node_modules\\npm\\bin\\npm-cli.js" "start"
19 error node v6.10.3
20 error npm  v3.10.10
21 error code ELIFECYCLE
22 error reto@0.0.0 start: `node ./bin/www`
22 error Exit status 3221225786
>>>>>>> 0871a72ce3898b1c45ab0b56023a13f488287701
23 error Failed at the reto@0.0.0 start script 'node ./bin/www'.
23 error Make sure you have the latest version of node.js and npm installed.
23 error If you do, this is most likely a problem with the reto package,
23 error not with npm itself.
23 error Tell the author that this fails on your system:
23 error     node ./bin/www
23 error You can get information on how to open an issue for this project with:
23 error     npm bugs reto
23 error Or if that isn't available, you can get their info via:
23 error     npm owner ls reto
23 error There is likely additional logging output above.
24 verbose exit [ 1, true ]
